# JRE version: OpenJDK Runtime Environment Corretto-19.0.2.7.1 (19.0.2+7) (build 19.0.2+7-FR)
# Java VM: OpenJDK 64-Bit Server VM Corretto-19.0.2.7.1 (19.0.2+7-FR, mixed mode, sharing, tiered, compressed oops, compressed class ptrs, g1 gc, windows-amd64)
GC Precious Log:
 CardTable entry size: 512
 Card Set container configuration: InlinePtr #cards 5 size 8 Array Of Cards #cards 12 size 40 Howl #buckets 4 coarsen threshold 1843 Howl Bitmap #cards 512 size 80 coarsen threshold 460 Card regions per heap region 1 cards per card region 2048
 CPUs: 12 total, 12 available
 Memory: 40802M
 Large Page Support: Disabled
 NUMA Support: Disabled
 Compressed Oops: Enabled (32-bit)
 Heap Region Size: 1M
 Heap Min Capacity: 256M
 Heap Initial Capacity: 256M
 Heap Max Capacity: 512M
 Pre-touch: Disabled
 Parallel Workers: 10
 Concurrent Workers: 3
 Concurrent Refinement Workers: 10
 Periodic GC: Disabled
Heap:
 garbage-first heap   total 262144K, used 75482K [0x00000000e0000000, 0x0000000100000000)
  region size 1024K, 24 young (24576K), 9 survivors (9216K)
 Metaspace       used 79577K, committed 81728K, reserved 446464K
  class space    used 10961K, committed 12096K, reserved 315392K
GC Heap History (20 events):
Event: 0.543 GC heap before
{Heap before GC invocations=0 (full 0):
 garbage-first heap   total 262144K, used 26624K [0x00000000e0000000, 0x0000000100000000)
  region size 1024K, 23 young (23552K), 0 survivors (0K)
 Metaspace       used 3144K, committed 3264K, reserved 380928K
  class space    used 389K, committed 448K, reserved 315392K
}
Event: 0.548 GC heap after
{Heap after GC invocations=1 (full 0):
 garbage-first heap   total 262144K, used 10253K [0x00000000e0000000, 0x0000000100000000)
  region size 1024K, 3 young (3072K), 3 survivors (3072K)
 Metaspace       used 3144K, committed 3264K, reserved 380928K
  class space    used 389K, committed 448K, reserved 315392K
}
Event: 0.915 GC heap before
{Heap before GC invocations=1 (full 0):
 garbage-first heap   total 262144K, used 39949K [0x00000000e0000000, 0x0000000100000000)
  region size 1024K, 32 young (32768K), 3 survivors (3072K)
 Metaspace       used 4123K, committed 4288K, reserved 380928K
  class space    used 484K, committed 576K, reserved 315392K
}
Event: 0.919 GC heap after
{Heap after GC invocations=2 (full 0):
 garbage-first heap   total 262144K, used 14454K [0x00000000e0000000, 0x0000000100000000)
  region size 1024K, 4 young (4096K), 4 survivors (4096K)
 Metaspace       used 4123K, committed 4288K, reserved 380928K
  class space    used 484K, committed 576K, reserved 315392K
}
Event: 3.050 GC heap before
{Heap before GC invocations=2 (full 0):
 garbage-first heap   total 262144K, used 113782K [0x00000000e0000000, 0x0000000100000000)
  region size 1024K, 102 young (104448K), 4 survivors (4096K)
 Metaspace       used 20821K, committed 21504K, reserved 380928K
  class space    used 3010K, committed 3392K, reserved 315392K
}
Event: 3.060 GC heap after
{Heap after GC invocations=3 (full 0):
 garbage-first heap   total 262144K, used 22587K [0x00000000e0000000, 0x0000000100000000)
  region size 1024K, 12 young (12288K), 12 survivors (12288K)
 Metaspace       used 20821K, committed 21504K, reserved 380928K
  class space    used 3010K, committed 3392K, reserved 315392K
}
Event: 4.516 GC heap before
{Heap before GC invocations=4 (full 0):
 garbage-first heap   total 262144K, used 132155K [0x00000000e0000000, 0x0000000100000000)
  region size 1024K, 116 young (118784K), 12 survivors (12288K)
 Metaspace       used 34858K, committed 35968K, reserved 380928K
  class space    used 4771K, committed 5376K, reserved 315392K
}
Event: 4.528 GC heap after
{Heap after GC invocations=5 (full 0):
 garbage-first heap   total 262144K, used 31203K [0x00000000e0000000, 0x0000000100000000)
  region size 1024K, 17 young (17408K), 17 survivors (17408K)
 Metaspace       used 34858K, committed 35968K, reserved 380928K
  class space    used 4771K, committed 5376K, reserved 315392K
}
Event: 4.544 GC heap before
{Heap before GC invocations=5 (full 0):
 garbage-first heap   total 262144K, used 32227K [0x00000000e0000000, 0x0000000100000000)
  region size 1024K, 18 young (18432K), 17 survivors (17408K)
 Metaspace       used 34868K, committed 36032K, reserved 380928K
  class space    used 4772K, committed 5376K, reserved 315392K
}
Event: 4.553 GC heap after
{Heap after GC invocations=6 (full 0):
 garbage-first heap   total 262144K, used 30515K [0x00000000e0000000, 0x0000000100000000)
  region size 1024K, 1 young (1024K), 1 survivors (1024K)
 Metaspace       used 34868K, committed 36032K, reserved 380928K
  class space    used 4772K, committed 5376K, reserved 315392K
}
Event: 4.578 GC heap before
{Heap before GC invocations=6 (full 0):
 garbage-first heap   total 262144K, used 31539K [0x00000000e0000000, 0x0000000100000000)
  region size 1024K, 3 young (3072K), 1 survivors (1024K)
 Metaspace       used 35104K, committed 36288K, reserved 380928K
  class space    used 4815K, committed 5440K, reserved 315392K
}
Event: 4.579 GC heap after
{Heap after GC invocations=7 (full 0):
 garbage-first heap   total 262144K, used 30122K [0x00000000e0000000, 0x0000000100000000)
  region size 1024K, 1 young (1024K), 1 survivors (1024K)
 Metaspace       used 35104K, committed 36288K, reserved 380928K
  class space    used 4815K, committed 5440K, reserved 315392K
}
Event: 6.948 GC heap before
{Heap before GC invocations=8 (full 0):
 garbage-first heap   total 262144K, used 186794K [0x00000000e0000000, 0x0000000100000000)
  region size 1024K, 153 young (156672K), 1 survivors (1024K)
 Metaspace       used 53181K, committed 54912K, reserved 380928K
  class space    used 7395K, committed 8320K, reserved 315392K
}
Event: 6.956 GC heap after
{Heap after GC invocations=9 (full 0):
 garbage-first heap   total 262144K, used 38507K [0x00000000e0000000, 0x0000000100000000)
  region size 1024K, 9 young (9216K), 9 survivors (9216K)
 Metaspace       used 53181K, committed 54912K, reserved 380928K
  class space    used 7395K, committed 8320K, reserved 315392K
}
Event: 7.604 GC heap before
{Heap before GC invocations=9 (full 0):
 garbage-first heap   total 262144K, used 97899K [0x00000000e0000000, 0x0000000100000000)
  region size 1024K, 69 young (70656K), 9 survivors (9216K)
 Metaspace       used 59007K, committed 60800K, reserved 380928K
  class space    used 8330K, committed 9280K, reserved 315392K
}
Event: 7.614 GC heap after
{Heap after GC invocations=10 (full 0):
 garbage-first heap   total 262144K, used 43958K [0x00000000e0000000, 0x0000000100000000)
  region size 1024K, 15 young (15360K), 15 survivors (15360K)
 Metaspace       used 59007K, committed 60800K, reserved 380928K
  class space    used 8330K, committed 9280K, reserved 315392K
}
Event: 27.331 GC heap before
{Heap before GC invocations=11 (full 0):
 garbage-first heap   total 262144K, used 184246K [0x00000000e0000000, 0x0000000100000000)
  region size 1024K, 153 young (156672K), 15 survivors (15360K)
 Metaspace       used 68697K, committed 70656K, reserved 380928K
  class space    used 9672K, committed 10752K, reserved 315392K
}
Event: 27.345 GC heap after
{Heap after GC invocations=12 (full 0):
 garbage-first heap   total 262144K, used 54524K [0x00000000e0000000, 0x0000000100000000)
  region size 1024K, 16 young (16384K), 16 survivors (16384K)
 Metaspace       used 68697K, committed 70656K, reserved 380928K
  class space    used 9672K, committed 10752K, reserved 315392K
}
Event: 45.935 GC heap before
{Heap before GC invocations=12 (full 0):
 garbage-first heap   total 262144K, used 193788K [0x00000000e0000000, 0x0000000100000000)
  region size 1024K, 153 young (156672K), 16 survivors (16384K)
 Metaspace       used 78692K, committed 80832K, reserved 446464K
  class space    used 10850K, committed 11968K, reserved 315392K
}
Event: 45.947 GC heap after
{Heap after GC invocations=13 (full 0):
 garbage-first heap   total 262144K, used 62170K [0x00000000e0000000, 0x0000000100000000)
  region size 1024K, 9 young (9216K), 9 survivors (9216K)
 Metaspace       used 78692K, committed 80832K, reserved 446464K
  class space    used 10850K, committed 11968K, reserved 315392K
}

